<?xml version="1.0" encoding="UTF-8"?>
<!-- Generated by org.testng.reporters.JUnitReportReporter -->
<testsuite hostname="SAMPADA-PADGILWAR" failures="0" tests="1" name="testPackage.ValidLoginTestCase" time="9.408" errors="0" timestamp="2023-06-03T15:03:33 IST" skipped="0">
  <testcase classname="testPackage.ValidLoginTestCase" name="validLoginMethod" time="9.408"/>
  <system-out/>
</testsuite> <!-- testPackage.ValidLoginTestCase -->
