<?xml version="1.0" encoding="UTF-8"?>
<!-- Generated by org.testng.reporters.JUnitReportReporter -->
<testsuite hostname="SAMPADA-PADGILWAR" failures="0" tests="2" name="testNGAnnotation.Annotation" time="0.019" errors="0" timestamp="2023-05-23T10:14:39 IST" skipped="0">
  <testcase classname="testNGAnnotation.Annotation" name="g" time="0.006"/>
  <system-out>
    <![CDATA[Test Annotation2]]>
  </system-out>
  <testcase classname="testNGAnnotation.Annotation" name="f" time="0.013"/>
  <system-out>
    <![CDATA[Test Annotation]]>
  </system-out>
</testsuite> <!-- testNGAnnotation.Annotation -->
