<?xml version="1.0" encoding="UTF-8"?>
<!-- Generated by org.testng.reporters.JUnitReportReporter -->
<testsuite hostname="SAMPADA-PADGILWAR" failures="0" tests="1" name="testNGpackage.Demo2" time="0.002" errors="0" timestamp="2023-05-27T09:43:25 IST" skipped="0">
  <testcase classname="testNGpackage.Demo2" name="demo2Method" time="0.002"/>
  <system-out>
    <![CDATA[where is selenium!!!]]>
  </system-out>
</testsuite> <!-- testNGpackage.Demo2 -->
