<?xml version="1.0" encoding="UTF-8"?>
<!-- Generated by org.testng.reporters.JUnitReportReporter -->
<testsuite hostname="SAMPADA-PADGILWAR" failures="0" tests="3" name="test_NG.Demo" time="0.029" errors="0" timestamp="2023-05-21T12:22:56 IST" skipped="0">
  <testcase classname="test_NG.Demo" name="m1" time="0.004"/>
  <system-out>
    <![CDATA[method name is m1]]>
  </system-out>
  <testcase classname="test_NG.Demo" name="f" time="0.019"/>
  <system-out>
    <![CDATA[Sunday!!!]]>
  </system-out>
  <testcase classname="test_NG.Demo" name="m2" time="0.006"/>
  <system-out>
    <![CDATA[method name is m2]]>
  </system-out>
</testsuite> <!-- test_NG.Demo -->
