<?xml version="1.0" encoding="UTF-8"?>
<!-- Generated by org.testng.reporters.JUnitReportReporter -->
<testsuite hostname="SAMPADA-PADGILWAR" failures="0" tests="1" name="testNGParallelExe.ActiTime2" time="59.074" errors="0" timestamp="2023-05-24T18:42:35 IST" skipped="0">
  <testcase classname="testNGParallelExe.ActiTime2" name="login2" time="59.074"/>
  <system-out/>
</testsuite> <!-- testNGParallelExe.ActiTime2 -->
