<?xml version="1.0" encoding="UTF-8"?>
<!-- Generated by org.testng.reporters.JUnitReportReporter -->
<testsuite hostname="SAMPADA-PADGILWAR" failures="0" tests="6" name="testNGGroupExe.GroupExecution" time="0.073" errors="0" timestamp="2023-05-25T12:36:50 IST" skipped="0">
  <testcase classname="testNGGroupExe.GroupExecution" name="st1" time="0.032"/>
  <system-out>
    <![CDATA[STC1 is executed!!]]>
  </system-out>
  <testcase classname="testNGGroupExe.GroupExecution" name="st3" time="0.019"/>
  <system-out>
    <![CDATA[STC3 is executed!!]]>
  </system-out>
  <testcase classname="testNGGroupExe.GroupExecution" name="st2" time="0.003"/>
  <system-out>
    <![CDATA[STC2 is executed!!]]>
  </system-out>
  <testcase classname="testNGGroupExe.GroupExecution" name="st4" time="0.007"/>
  <system-out>
    <![CDATA[STC4 is executed!!]]>
  </system-out>
  <testcase classname="testNGGroupExe.GroupExecution" name="st5" time="0.003"/>
  <system-out>
    <![CDATA[STC5 is executed!!]]>
  </system-out>
  <testcase classname="testNGGroupExe.GroupExecution" name="st6" time="0.009"/>
  <system-out>
    <![CDATA[STC6 is executed!!]]>
  </system-out>
</testsuite> <!-- testNGGroupExe.GroupExecution -->
