<?xml version="1.0" encoding="UTF-8"?>
<!-- Generated by org.testng.reporters.JUnitReportReporter -->
<testsuite hostname="SAMPADA-PADGILWAR" failures="0" tests="3" name="testNGpackage3.Test3" time="0.025" errors="0" timestamp="2023-05-23T09:44:12 IST" skipped="0">
  <testcase classname="testNGpackage3.Test3" name="mod" time="0.018"/>
  <system-out>
    <![CDATA[the modulus of and b is: 10]]>
  </system-out>
  <testcase classname="testNGpackage3.Test3" name="multi" time="0.002"/>
  <system-out>
    <![CDATA[the multiplication of and b is: 200]]>
  </system-out>
  <testcase classname="testNGpackage3.Test3" name="sub" time="0.005"/>
  <system-out>
    <![CDATA[the substraction of and b is: -10]]>
  </system-out>
</testsuite> <!-- testNGpackage3.Test3 -->
