<?xml version="1.0" encoding="UTF-8"?>
<!-- Generated by org.testng.reporters.JUnitReportReporter -->
<testsuite hostname="SAMPADA-PADGILWAR" failures="0" tests="9" name="testNGFlags.Flag3_1" time="0.055" errors="0" timestamp="2023-05-26T22:41:17 IST" skipped="0">
  <testcase classname="testNGFlags.Flag3_1" name="z" time="0.020"/>
  <system-out>
    <![CDATA[z]]>
  </system-out>
  <testcase classname="testNGFlags.Flag3_1" name="b" time="0.004"/>
  <system-out>
    <![CDATA[b]]>
  </system-out>
  <testcase classname="testNGFlags.Flag3_1" name="k" time="0.005"/>
  <system-out>
    <![CDATA[k]]>
  </system-out>
  <testcase classname="testNGFlags.Flag3_1" name="l" time="0.003"/>
  <system-out>
    <![CDATA[l]]>
  </system-out>
  <testcase classname="testNGFlags.Flag3_1" name="a" time="0.004"/>
  <system-out>
    <![CDATA[a]]>
  </system-out>
  <testcase classname="testNGFlags.Flag3_1" name="g" time="0.004"/>
  <system-out>
    <![CDATA[g]]>
  </system-out>
  <testcase classname="testNGFlags.Flag3_1" name="h" time="0.010"/>
  <system-out>
    <![CDATA[h]]>
  </system-out>
  <testcase classname="testNGFlags.Flag3_1" name="p" time="0.003"/>
  <system-out>
    <![CDATA[p]]>
  </system-out>
  <testcase classname="testNGFlags.Flag3_1" name="m" time="0.002"/>
  <system-out>
    <![CDATA[m]]>
  </system-out>
</testsuite> <!-- testNGFlags.Flag3_1 -->
