<?xml version="1.0" encoding="UTF-8"?>
<!-- Generated by org.testng.reporters.JUnitReportReporter -->
<testsuite hostname="SAMPADA-PADGILWAR" failures="0" tests="1" name="testNGpackage3.Test2" time="0.004" errors="0" timestamp="2023-05-23T09:44:12 IST" skipped="0">
  <testcase classname="testNGpackage3.Test2" name="add" time="0.004"/>
  <system-out>
    <![CDATA[the addition of and b is: 30]]>
  </system-out>
</testsuite> <!-- testNGpackage3.Test2 -->
