<?xml version="1.0" encoding="UTF-8"?>
<!-- Generated by org.testng.reporters.JUnitReportReporter -->
<testsuite hostname="SAMPADA-PADGILWAR" failures="0" tests="3" name="testNGAnnotation.GoogleSearchTestCase" time="41.985" errors="0" timestamp="2023-05-23T10:40:39 IST" skipped="0">
  <testcase classname="testNGAnnotation.GoogleSearchTestCase" name="search1" time="13.951"/>
  <system-out/>
  <testcase classname="testNGAnnotation.GoogleSearchTestCase" name="search3" time="11.590"/>
  <system-out/>
  <testcase classname="testNGAnnotation.GoogleSearchTestCase" name="search2" time="16.444"/>
  <system-out/>
</testsuite> <!-- testNGAnnotation.GoogleSearchTestCase -->
