<?xml version="1.0" encoding="UTF-8"?>
<!-- Generated by org.testng.reporters.JUnitReportReporter -->
<testsuite hostname="SAMPADA-PADGILWAR" failures="0" tests="3" name="test_NG.GoogleTestCase" time="35.262" errors="0" timestamp="2023-05-21T12:40:08 IST" skipped="0">
  <testcase classname="test_NG.GoogleTestCase" name="search2" time="9.660"/>
  <system-out/>
  <testcase classname="test_NG.GoogleTestCase" name="search3" time="15.132"/>
  <system-out/>
  <testcase classname="test_NG.GoogleTestCase" name="search1" time="10.470"/>
  <system-out/>
</testsuite> <!-- test_NG.GoogleTestCase -->
