<?xml version="1.0" encoding="UTF-8"?>
<!-- Generated by org.testng.reporters.JUnitReportReporter -->
<testsuite hostname="SAMPADA-PADGILWAR" failures="0" tests="2" name="testNGParallelExe.MethodExcecution" time="0.019" errors="0" timestamp="2023-05-24T10:22:47 IST" skipped="0">
  <testcase classname="testNGParallelExe.MethodExcecution" name="method2" time="0.003"/>
  <system-out>
    <![CDATA[1: is the thread id of method2
method2]]>
  </system-out>
  <testcase classname="testNGParallelExe.MethodExcecution" name="method1" time="0.016"/>
  <system-out>
    <![CDATA[1: is the thread id of method1
method1]]>
  </system-out>
</testsuite> <!-- testNGParallelExe.MethodExcecution -->
