<?xml version="1.0" encoding="UTF-8"?>
<!-- Generated by org.testng.reporters.JUnitReportReporter -->
<testsuite hostname="SAMPADA-PADGILWAR" failures="0" tests="1" name="testNGpackage.Demo1" time="0.005" errors="0" timestamp="2023-05-27T09:43:25 IST" skipped="0">
  <testcase classname="testNGpackage.Demo1" name="demoMethod" time="0.005"/>
  <system-out>
    <![CDATA[heyyy java!!!!]]>
  </system-out>
</testsuite> <!-- testNGpackage.Demo1 -->
