<?xml version="1.0" encoding="UTF-8"?>
<!-- Generated by org.testng.reporters.JUnitReportReporter -->
<testsuite hostname="SAMPADA-PADGILWAR" failures="0" tests="2" name="testNGExecution1.SelectBrowser" time="29.167" errors="0" timestamp="2023-05-25T10:20:52 IST" skipped="0">
  <testcase classname="testNGExecution1.SelectBrowser" name="method1" time="12.398"/>
  <system-out/>
  <testcase classname="testNGExecution1.SelectBrowser" name="method1" time="16.769"/>
  <system-out/>
</testsuite> <!-- testNGExecution1.SelectBrowser -->
