<?xml version="1.0" encoding="UTF-8"?>
<!-- Generated by org.testng.reporters.JUnitReportReporter -->
<testsuite hostname="SAMPADA-PADGILWAR" failures="0" tests="2" name="testNGpackage.Demo" time="0.027" errors="0" timestamp="2023-05-27T09:43:25 IST" skipped="0">
  <testcase classname="testNGpackage.Demo" name="g" time="0.007"/>
  <system-out>
    <![CDATA[Hey java!!!!]]>
  </system-out>
  <testcase classname="testNGpackage.Demo" name="f" time="0.020"/>
  <system-out>
    <![CDATA[Hii TestNG!!!!]]>
  </system-out>
</testsuite> <!-- testNGpackage.Demo -->
