<?xml version="1.0" encoding="UTF-8"?>
<!-- Generated by org.testng.reporters.JUnitReportReporter -->
<testsuite hostname="SAMPADA-PADGILWAR" failures="0" tests="1" name="testNGParallelExe.Test3" time="27.354" errors="0" timestamp="2023-05-24T09:50:33 IST" skipped="0">
  <testcase classname="testNGParallelExe.Test3" name="testMethod3" time="27.354"/>
  <system-out/>
</testsuite> <!-- testNGParallelExe.Test3 -->
