<?xml version="1.0" encoding="UTF-8"?>
<!-- Generated by org.testng.reporters.JUnitReportReporter -->
<testsuite hostname="SAMPADA-PADGILWAR" failures="0" tests="3" name="test_NG.TestAnnotations" time="0.025" errors="0" timestamp="2023-05-21T12:42:20 IST" skipped="0">
  <testcase classname="test_NG.TestAnnotations" name="g" time="0.006"/>
  <system-out>
    <![CDATA[test case 2!!]]>
  </system-out>
  <testcase classname="test_NG.TestAnnotations" name="h" time="0.006"/>
  <system-out>
    <![CDATA[test case 3!!]]>
  </system-out>
  <testcase classname="test_NG.TestAnnotations" name="f" time="0.013"/>
  <system-out>
    <![CDATA[test case1]]>
  </system-out>
</testsuite> <!-- test_NG.TestAnnotations -->
