<?xml version="1.0" encoding="UTF-8"?>
<!-- Generated by org.testng.reporters.JUnitReportReporter -->
<testsuite hostname="SAMPADA-PADGILWAR" failures="0" tests="1" name="testNGParallelExe.ActiTime3" time="44.799" errors="0" timestamp="2023-05-24T18:42:35 IST" skipped="0">
  <testcase classname="testNGParallelExe.ActiTime3" name="login1" time="44.799"/>
  <system-out/>
</testsuite> <!-- testNGParallelExe.ActiTime3 -->
