<?xml version="1.0" encoding="UTF-8"?>
<!-- Generated by org.testng.reporters.JUnitReportReporter -->
<testsuite hostname="SAMPADA-PADGILWAR" failures="0" tests="3" name="test_NG.Demo3" time="0.023" errors="0" timestamp="2023-05-21T12:36:38 IST" skipped="0">
  <testcase classname="test_NG.Demo3" name="dm4" time="0.002"/>
  <system-out>
    <![CDATA[method name is dm4]]>
  </system-out>
  <testcase classname="test_NG.Demo3" name="dm3" time="0.017"/>
  <system-out>
    <![CDATA[method name is dm3]]>
  </system-out>
  <testcase classname="test_NG.Demo3" name="dm5" time="0.004"/>
  <system-out>
    <![CDATA[method name is dm5]]>
  </system-out>
</testsuite> <!-- test_NG.Demo3 -->
