<?xml version="1.0" encoding="UTF-8"?>
<!-- Generated by org.testng.reporters.JUnitReportReporter -->
<testsuite hostname="SAMPADA-PADGILWAR" failures="0" tests="1" name="testngExecution.TestngClass1" time="19.736" errors="0" timestamp="2023-05-24T10:40:00 IST" skipped="0">
  <testcase classname="testngExecution.TestngClass1" name="serach1" time="19.736"/>
  <system-out/>
</testsuite> <!-- testngExecution.TestngClass1 -->
