<?xml version="1.0" encoding="UTF-8"?>
<!-- Generated by org.testng.reporters.JUnitReportReporter -->
<testsuite hostname="SAMPADA-PADGILWAR" failures="0" tests="1" name="testngExecution.TestngClass2" time="18.373" errors="0" timestamp="2023-05-24T10:40:00 IST" skipped="0">
  <testcase classname="testngExecution.TestngClass2" name="search2" time="18.373"/>
  <system-out/>
</testsuite> <!-- testngExecution.TestngClass2 -->
