<?xml version="1.0" encoding="UTF-8"?>
<!-- Generated by org.testng.reporters.JUnitReportReporter -->
<testsuite hostname="SAMPADA-PADGILWAR" failures="0" tests="3" name="testNGDataProvider.Test1" time="0.031" errors="0" timestamp="2023-05-27T14:11:22 IST" skipped="0">
  <testcase classname="testNGDataProvider.Test1" name="testAddNumbers" time="0.002"/>
  <system-out/>
  <testcase classname="testNGDataProvider.Test1" name="testAddNumbers" time="0.002"/>
  <system-out/>
  <testcase classname="testNGDataProvider.Test1" name="testAddNumbers" time="0.027"/>
  <system-out/>
</testsuite> <!-- testNGDataProvider.Test1 -->
