<?xml version="1.0" encoding="UTF-8"?>
<!-- Generated by org.testng.reporters.JUnitReportReporter -->
<testsuite hostname="SAMPADA-PADGILWAR" failures="0" tests="2" name="testNGFlags.Flag2" time="0.017" errors="0" timestamp="2023-05-26T10:09:04 IST" skipped="1">
  <testcase classname="testNGFlags.Flag2" name="method" time="0.017"/>
  <system-out>
    <![CDATA[logout perform!!]]>
  </system-out>
  <testcase classname="testNGFlags.Flag2" name="method1">
    <skipped/>
  </testcase> <!-- method1 -->
  <system-out/>
</testsuite> <!-- testNGFlags.Flag2 -->
