<?xml version="1.0" encoding="UTF-8"?>
<!-- Generated by org.testng.reporters.JUnitReportReporter -->
<testsuite hostname="SAMPADA-PADGILWAR" failures="0" tests="1" name="testNGParallelExe.Test1" time="51.313" errors="0" timestamp="2023-05-24T09:50:33 IST" skipped="0">
  <testcase classname="testNGParallelExe.Test1" name="testMethod1" time="51.313"/>
  <system-out/>
</testsuite> <!-- testNGParallelExe.Test1 -->
