<?xml version="1.0" encoding="UTF-8"?>
<!-- Generated by org.testng.reporters.JUnitReportReporter -->
<testsuite hostname="SAMPADA-PADGILWAR" failures="0" tests="100" name="testNGFlags.Flag3" time="0.332" errors="0" timestamp="2023-05-26T10:20:28 IST" skipped="0">
  <testcase classname="testNGFlags.Flag3" name="method1" time="0.005"/>
  <system-out>
    <![CDATA[login test case]]>
  </system-out>
  <testcase classname="testNGFlags.Flag3" name="method1" time="0.002"/>
  <system-out>
    <![CDATA[login test case]]>
  </system-out>
  <testcase classname="testNGFlags.Flag3" name="method1" time="0.006"/>
  <system-out>
    <![CDATA[login test case]]>
  </system-out>
  <testcase classname="testNGFlags.Flag3" name="method1" time="0.008"/>
  <system-out>
    <![CDATA[login test case]]>
  </system-out>
  <testcase classname="testNGFlags.Flag3" name="method1" time="0.001"/>
  <system-out>
    <![CDATA[login test case]]>
  </system-out>
  <testcase classname="testNGFlags.Flag3" name="method1" time="0.001"/>
  <system-out>
    <![CDATA[login test case]]>
  </system-out>
  <testcase classname="testNGFlags.Flag3" name="method1" time="0.002"/>
  <system-out>
    <![CDATA[login test case]]>
  </system-out>
  <testcase classname="testNGFlags.Flag3" name="method1" time="0.002"/>
  <system-out>
    <![CDATA[login test case]]>
  </system-out>
  <testcase classname="testNGFlags.Flag3" name="method1" time="0.005"/>
  <system-out>
    <![CDATA[login test case]]>
  </system-out>
  <testcase classname="testNGFlags.Flag3" name="method1" time="0.004"/>
  <system-out>
    <![CDATA[login test case]]>
  </system-out>
  <testcase classname="testNGFlags.Flag3" name="method1" time="0.002"/>
  <system-out>
    <![CDATA[login test case]]>
  </system-out>
  <testcase classname="testNGFlags.Flag3" name="method1" time="0.005"/>
  <system-out>
    <![CDATA[login test case]]>
  </system-out>
  <testcase classname="testNGFlags.Flag3" name="method1" time="0.011"/>
  <system-out>
    <![CDATA[login test case]]>
  </system-out>
  <testcase classname="testNGFlags.Flag3" name="method1" time="0.001"/>
  <system-out>
    <![CDATA[login test case]]>
  </system-out>
  <testcase classname="testNGFlags.Flag3" name="method1" time="0.003"/>
  <system-out>
    <![CDATA[login test case]]>
  </system-out>
  <testcase classname="testNGFlags.Flag3" name="method1" time="0.002"/>
  <system-out>
    <![CDATA[login test case]]>
  </system-out>
  <testcase classname="testNGFlags.Flag3" name="method1" time="0.003"/>
  <system-out>
    <![CDATA[login test case]]>
  </system-out>
  <testcase classname="testNGFlags.Flag3" name="method1" time="0.003"/>
  <system-out>
    <![CDATA[login test case]]>
  </system-out>
  <testcase classname="testNGFlags.Flag3" name="method1" time="0.002"/>
  <system-out>
    <![CDATA[login test case]]>
  </system-out>
  <testcase classname="testNGFlags.Flag3" name="method1" time="0.002"/>
  <system-out>
    <![CDATA[login test case]]>
  </system-out>
  <testcase classname="testNGFlags.Flag3" name="method1" time="0.003"/>
  <system-out>
    <![CDATA[login test case]]>
  </system-out>
  <testcase classname="testNGFlags.Flag3" name="method1" time="0.004"/>
  <system-out>
    <![CDATA[login test case]]>
  </system-out>
  <testcase classname="testNGFlags.Flag3" name="method1" time="0.002"/>
  <system-out>
    <![CDATA[login test case]]>
  </system-out>
  <testcase classname="testNGFlags.Flag3" name="method1" time="0.002"/>
  <system-out>
    <![CDATA[login test case]]>
  </system-out>
  <testcase classname="testNGFlags.Flag3" name="method1" time="0.001"/>
  <system-out>
    <![CDATA[login test case]]>
  </system-out>
  <testcase classname="testNGFlags.Flag3" name="method1" time="0.003"/>
  <system-out>
    <![CDATA[login test case]]>
  </system-out>
  <testcase classname="testNGFlags.Flag3" name="method1" time="0.003"/>
  <system-out>
    <![CDATA[login test case]]>
  </system-out>
  <testcase classname="testNGFlags.Flag3" name="method1" time="0.001"/>
  <system-out>
    <![CDATA[login test case]]>
  </system-out>
  <testcase classname="testNGFlags.Flag3" name="method1" time="0.006"/>
  <system-out>
    <![CDATA[login test case]]>
  </system-out>
  <testcase classname="testNGFlags.Flag3" name="method1" time="0.001"/>
  <system-out>
    <![CDATA[login test case]]>
  </system-out>
  <testcase classname="testNGFlags.Flag3" name="method1" time="0.002"/>
  <system-out>
    <![CDATA[login test case]]>
  </system-out>
  <testcase classname="testNGFlags.Flag3" name="method1" time="0.001"/>
  <system-out>
    <![CDATA[login test case]]>
  </system-out>
  <testcase classname="testNGFlags.Flag3" name="method1" time="0.003"/>
  <system-out>
    <![CDATA[login test case]]>
  </system-out>
  <testcase classname="testNGFlags.Flag3" name="method1" time="0.009"/>
  <system-out>
    <![CDATA[login test case]]>
  </system-out>
  <testcase classname="testNGFlags.Flag3" name="method1" time="0.002"/>
  <system-out>
    <![CDATA[login test case]]>
  </system-out>
  <testcase classname="testNGFlags.Flag3" name="method1" time="0.001"/>
  <system-out>
    <![CDATA[login test case]]>
  </system-out>
  <testcase classname="testNGFlags.Flag3" name="method1" time="0.004"/>
  <system-out>
    <![CDATA[login test case]]>
  </system-out>
  <testcase classname="testNGFlags.Flag3" name="method1" time="0.001"/>
  <system-out>
    <![CDATA[login test case]]>
  </system-out>
  <testcase classname="testNGFlags.Flag3" name="method1" time="0.003"/>
  <system-out>
    <![CDATA[login test case]]>
  </system-out>
  <testcase classname="testNGFlags.Flag3" name="method1" time="0.002"/>
  <system-out>
    <![CDATA[login test case]]>
  </system-out>
  <testcase classname="testNGFlags.Flag3" name="method1" time="0.003"/>
  <system-out>
    <![CDATA[login test case]]>
  </system-out>
  <testcase classname="testNGFlags.Flag3" name="method1" time="0.002"/>
  <system-out>
    <![CDATA[login test case]]>
  </system-out>
  <testcase classname="testNGFlags.Flag3" name="method1" time="0.003"/>
  <system-out>
    <![CDATA[login test case]]>
  </system-out>
  <testcase classname="testNGFlags.Flag3" name="method1" time="0.004"/>
  <system-out>
    <![CDATA[login test case]]>
  </system-out>
  <testcase classname="testNGFlags.Flag3" name="method1" time="0.001"/>
  <system-out>
    <![CDATA[login test case]]>
  </system-out>
  <testcase classname="testNGFlags.Flag3" name="method1" time="0.009"/>
  <system-out>
    <![CDATA[login test case]]>
  </system-out>
  <testcase classname="testNGFlags.Flag3" name="method1" time="0.002"/>
  <system-out>
    <![CDATA[login test case]]>
  </system-out>
  <testcase classname="testNGFlags.Flag3" name="method1" time="0.002"/>
  <system-out>
    <![CDATA[login test case]]>
  </system-out>
  <testcase classname="testNGFlags.Flag3" name="method1" time="0.005"/>
  <system-out>
    <![CDATA[login test case]]>
  </system-out>
  <testcase classname="testNGFlags.Flag3" name="method1" time="0.002"/>
  <system-out>
    <![CDATA[login test case]]>
  </system-out>
  <testcase classname="testNGFlags.Flag3" name="method1" time="0.005"/>
  <system-out>
    <![CDATA[login test case]]>
  </system-out>
  <testcase classname="testNGFlags.Flag3" name="method1" time="0.005"/>
  <system-out>
    <![CDATA[login test case]]>
  </system-out>
  <testcase classname="testNGFlags.Flag3" name="method1" time="0.002"/>
  <system-out>
    <![CDATA[login test case]]>
  </system-out>
  <testcase classname="testNGFlags.Flag3" name="method1" time="0.011"/>
  <system-out>
    <![CDATA[login test case]]>
  </system-out>
  <testcase classname="testNGFlags.Flag3" name="method1" time="0.003"/>
  <system-out>
    <![CDATA[login test case]]>
  </system-out>
  <testcase classname="testNGFlags.Flag3" name="method1" time="0.018"/>
  <system-out>
    <![CDATA[login test case]]>
  </system-out>
  <testcase classname="testNGFlags.Flag3" name="method1" time="0.003"/>
  <system-out>
    <![CDATA[login test case]]>
  </system-out>
  <testcase classname="testNGFlags.Flag3" name="method1" time="0.002"/>
  <system-out>
    <![CDATA[login test case]]>
  </system-out>
  <testcase classname="testNGFlags.Flag3" name="method1" time="0.005"/>
  <system-out>
    <![CDATA[login test case]]>
  </system-out>
  <testcase classname="testNGFlags.Flag3" name="method1" time="0.004"/>
  <system-out>
    <![CDATA[login test case]]>
  </system-out>
  <testcase classname="testNGFlags.Flag3" name="method1" time="0.001"/>
  <system-out>
    <![CDATA[login test case]]>
  </system-out>
  <testcase classname="testNGFlags.Flag3" name="method1" time="0.001"/>
  <system-out>
    <![CDATA[login test case]]>
  </system-out>
  <testcase classname="testNGFlags.Flag3" name="method1" time="0.002"/>
  <system-out>
    <![CDATA[login test case]]>
  </system-out>
  <testcase classname="testNGFlags.Flag3" name="method1" time="0.002"/>
  <system-out>
    <![CDATA[login test case]]>
  </system-out>
  <testcase classname="testNGFlags.Flag3" name="method1" time="0.001"/>
  <system-out>
    <![CDATA[login test case]]>
  </system-out>
  <testcase classname="testNGFlags.Flag3" name="method1" time="0.003"/>
  <system-out>
    <![CDATA[login test case]]>
  </system-out>
  <testcase classname="testNGFlags.Flag3" name="method1" time="0.008"/>
  <system-out>
    <![CDATA[login test case]]>
  </system-out>
  <testcase classname="testNGFlags.Flag3" name="method1" time="0.002"/>
  <system-out>
    <![CDATA[login test case]]>
  </system-out>
  <testcase classname="testNGFlags.Flag3" name="method1" time="0.001"/>
  <system-out>
    <![CDATA[login test case]]>
  </system-out>
  <testcase classname="testNGFlags.Flag3" name="method1" time="0.001"/>
  <system-out>
    <![CDATA[login test case]]>
  </system-out>
  <testcase classname="testNGFlags.Flag3" name="method1" time="0.006"/>
  <system-out>
    <![CDATA[login test case]]>
  </system-out>
  <testcase classname="testNGFlags.Flag3" name="method1" time="0.002"/>
  <system-out>
    <![CDATA[login test case]]>
  </system-out>
  <testcase classname="testNGFlags.Flag3" name="method1" time="0.001"/>
  <system-out>
    <![CDATA[login test case]]>
  </system-out>
  <testcase classname="testNGFlags.Flag3" name="method1" time="0.002"/>
  <system-out>
    <![CDATA[login test case]]>
  </system-out>
  <testcase classname="testNGFlags.Flag3" name="method1" time="0.001"/>
  <system-out>
    <![CDATA[login test case]]>
  </system-out>
  <testcase classname="testNGFlags.Flag3" name="method1" time="0.001"/>
  <system-out>
    <![CDATA[login test case]]>
  </system-out>
  <testcase classname="testNGFlags.Flag3" name="method1" time="0.002"/>
  <system-out>
    <![CDATA[login test case]]>
  </system-out>
  <testcase classname="testNGFlags.Flag3" name="method1" time="0.001"/>
  <system-out>
    <![CDATA[login test case]]>
  </system-out>
  <testcase classname="testNGFlags.Flag3" name="method1" time="0.001"/>
  <system-out>
    <![CDATA[login test case]]>
  </system-out>
  <testcase classname="testNGFlags.Flag3" name="method1" time="0.006"/>
  <system-out>
    <![CDATA[login test case]]>
  </system-out>
  <testcase classname="testNGFlags.Flag3" name="method1" time="0.013"/>
  <system-out>
    <![CDATA[login test case]]>
  </system-out>
  <testcase classname="testNGFlags.Flag3" name="method1" time="0.005"/>
  <system-out>
    <![CDATA[login test case]]>
  </system-out>
  <testcase classname="testNGFlags.Flag3" name="method1" time="0.004"/>
  <system-out>
    <![CDATA[login test case]]>
  </system-out>
  <testcase classname="testNGFlags.Flag3" name="method1" time="0.002"/>
  <system-out>
    <![CDATA[login test case]]>
  </system-out>
  <testcase classname="testNGFlags.Flag3" name="method1" time="0.004"/>
  <system-out>
    <![CDATA[login test case]]>
  </system-out>
  <testcase classname="testNGFlags.Flag3" name="method1" time="0.003"/>
  <system-out>
    <![CDATA[login test case]]>
  </system-out>
  <testcase classname="testNGFlags.Flag3" name="method1" time="0.001"/>
  <system-out>
    <![CDATA[login test case]]>
  </system-out>
  <testcase classname="testNGFlags.Flag3" name="method1" time="0.001"/>
  <system-out>
    <![CDATA[login test case]]>
  </system-out>
  <testcase classname="testNGFlags.Flag3" name="method1" time="0.001"/>
  <system-out>
    <![CDATA[login test case]]>
  </system-out>
  <testcase classname="testNGFlags.Flag3" name="method1" time="0.014"/>
  <system-out>
    <![CDATA[login test case]]>
  </system-out>
  <testcase classname="testNGFlags.Flag3" name="method1" time="0.001"/>
  <system-out>
    <![CDATA[login test case]]>
  </system-out>
  <testcase classname="testNGFlags.Flag3" name="method1" time="0.003"/>
  <system-out>
    <![CDATA[login test case]]>
  </system-out>
  <testcase classname="testNGFlags.Flag3" name="method1" time="0.003"/>
  <system-out>
    <![CDATA[login test case]]>
  </system-out>
  <testcase classname="testNGFlags.Flag3" name="method1" time="0.004"/>
  <system-out>
    <![CDATA[login test case]]>
  </system-out>
  <testcase classname="testNGFlags.Flag3" name="method1" time="0.003"/>
  <system-out>
    <![CDATA[login test case]]>
  </system-out>
  <testcase classname="testNGFlags.Flag3" name="method1" time="0.002"/>
  <system-out>
    <![CDATA[login test case]]>
  </system-out>
  <testcase classname="testNGFlags.Flag3" name="method1" time="0.003"/>
  <system-out>
    <![CDATA[login test case]]>
  </system-out>
  <testcase classname="testNGFlags.Flag3" name="method1" time="0.001"/>
  <system-out>
    <![CDATA[login test case]]>
  </system-out>
  <testcase classname="testNGFlags.Flag3" name="method1" time="0.002"/>
  <system-out>
    <![CDATA[login test case]]>
  </system-out>
  <testcase classname="testNGFlags.Flag3" name="method1" time="0.002"/>
  <system-out>
    <![CDATA[login test case]]>
  </system-out>
</testsuite> <!-- testNGFlags.Flag3 -->
