<?xml version="1.0" encoding="UTF-8"?>
<!-- Generated by org.testng.reporters.JUnitReportReporter -->
<testsuite hostname="SAMPADA-PADGILWAR" failures="0" tests="6" name="testNGFlags.Flag7" time="0.041" errors="0" timestamp="2023-05-27T09:47:15 IST" skipped="0">
  <testcase classname="testNGFlags.Flag7" name="st1" time="0.019"/>
  <system-out>
    <![CDATA[STC1]]>
  </system-out>
  <testcase classname="testNGFlags.Flag7" name="st3" time="0.006"/>
  <system-out>
    <![CDATA[STC3]]>
  </system-out>
  <testcase classname="testNGFlags.Flag7" name="st2" time="0.004"/>
  <system-out>
    <![CDATA[STC2]]>
  </system-out>
  <testcase classname="testNGFlags.Flag7" name="st4" time="0.004"/>
  <system-out>
    <![CDATA[STC4]]>
  </system-out>
  <testcase classname="testNGFlags.Flag7" name="st5" time="0.005"/>
  <system-out>
    <![CDATA[STC5]]>
  </system-out>
  <testcase classname="testNGFlags.Flag7" name="st6" time="0.003"/>
  <system-out>
    <![CDATA[STC6]]>
  </system-out>
</testsuite> <!-- testNGFlags.Flag7 -->
