<?xml version="1.0" encoding="UTF-8"?>
<!-- Generated by org.testng.reporters.JUnitReportReporter -->
<testsuite hostname="SAMPADA-PADGILWAR" failures="0" tests="1" name="testNGpackage3.Test1" time="0.007" errors="0" timestamp="2023-05-23T09:44:12 IST" skipped="0">
  <testcase classname="testNGpackage3.Test1" name="div" time="0.007"/>
  <system-out>
    <![CDATA[the division of and b:2]]>
  </system-out>
</testsuite> <!-- testNGpackage3.Test1 -->
