<?xml version="1.0" encoding="UTF-8"?>
<!-- Generated by org.testng.reporters.JUnitReportReporter -->
<testsuite hostname="SAMPADA-PADGILWAR" failures="0" tests="1" name="test_NG.NewTest" time="0.024" errors="0" timestamp="2023-05-21T12:21:34 IST" skipped="0">
  <testcase classname="test_NG.NewTest" name="f" time="0.024"/>
  <system-out/>
</testsuite> <!-- test_NG.NewTest -->
