<?xml version="1.0" encoding="UTF-8"?>
<!-- Generated by org.testng.reporters.JUnitReportReporter -->
<testsuite hostname="SAMPADA-PADGILWAR" failures="0" tests="1" name="testNGpackage2.Test3" time="19.196" errors="0" timestamp="2023-05-23T07:28:11 IST" skipped="0">
  <testcase classname="testNGpackage2.Test3" name="testMethod3" time="19.196"/>
  <system-out/>
</testsuite> <!-- testNGpackage2.Test3 -->
