<?xml version="1.0" encoding="UTF-8"?>
<!-- Generated by org.testng.reporters.JUnitReportReporter -->
<testsuite hostname="SAMPADA-PADGILWAR" failures="0" tests="3" name="testNGAnnotation.GoogleSearchTestCase" time="58.122" errors="0" timestamp="2023-05-26T10:01:22 IST" skipped="0">
  <testcase classname="testNGAnnotation.GoogleSearchTestCase" name="search2" time="22.473"/>
  <system-out/>
  <testcase classname="testNGAnnotation.GoogleSearchTestCase" name="search3" time="20.871"/>
  <system-out/>
  <testcase classname="testNGAnnotation.GoogleSearchTestCase" name="search1" time="14.778"/>
  <system-out/>
</testsuite> <!-- testNGAnnotation.GoogleSearchTestCase -->
