<?xml version="1.0" encoding="UTF-8"?>
<!-- Generated by org.testng.reporters.JUnitReportReporter -->
<testsuite hostname="SAMPADA-PADGILWAR" failures="0" tests="1" name="testPackage.InvalidLoginTestCase" time="25.189" errors="0" timestamp="2023-06-09T08:13:04 IST" skipped="0">
  <testcase classname="testPackage.InvalidLoginTestCase" name="inavlidLogin" time="25.189"/>
  <system-out/>
</testsuite> <!-- testPackage.InvalidLoginTestCase -->
