<?xml version="1.0" encoding="UTF-8"?>
<!-- Generated by org.testng.reporters.JUnitReportReporter -->
<testsuite hostname="SAMPADA-PADGILWAR" failures="0" tests="1" name="testPackage.TestUserCreated" time="36.685" errors="0" timestamp="2023-06-02T09:09:50 IST" skipped="0">
  <testcase classname="testPackage.TestUserCreated" name="user1" time="36.685"/>
  <system-out>
    <![CDATA[Browser open Test case is Start!!!
Test case is executed successfully]]>
  </system-out>
</testsuite> <!-- testPackage.TestUserCreated -->
